<?xml version="1.0" encoding="UTF-8"?>
<testng-results skipped="0" failed="0" total="1" passed="1">
  <reporter-output>
  </reporter-output>
  <suite name="Default suite" duration-ms="49791" started-at="2018-06-30T12:53:04Z" finished-at="2018-06-30T12:53:54Z">
    <groups>
    </groups>
    <test name="Default test" duration-ms="49791" started-at="2018-06-30T12:53:04Z" finished-at="2018-06-30T12:53:54Z">
      <class name="AKQA_Test.AKQA_Test.BunningsWishListTest">
        <test-method status="PASS" signature="beforeTest()[pri:0, instance:AKQA_Test.AKQA_Test.BunningsWishListTest@2ef5e5e3]" name="beforeTest" is-config="true" duration-ms="9501" started-at="2018-06-30T22:53:04Z" finished-at="2018-06-30T22:53:14Z">
          <reporter-output>
          </reporter-output>
        </test-method> <!-- beforeTest -->
        <test-method status="PASS" signature="verifyWishList()[pri:0, instance:AKQA_Test.AKQA_Test.BunningsWishListTest@2ef5e5e3]" name="verifyWishList" duration-ms="38204" started-at="2018-06-30T22:53:14Z" finished-at="2018-06-30T22:53:52Z">
          <reporter-output>
          </reporter-output>
        </test-method> <!-- verifyWishList -->
        <test-method status="PASS" signature="tearDown()[pri:0, instance:AKQA_Test.AKQA_Test.BunningsWishListTest@2ef5e5e3]" name="tearDown" is-config="true" duration-ms="2053" started-at="2018-06-30T22:53:52Z" finished-at="2018-06-30T22:53:54Z">
          <reporter-output>
          </reporter-output>
        </test-method> <!-- tearDown -->
      </class> <!-- AKQA_Test.AKQA_Test.BunningsWishListTest -->
    </test> <!-- Default test -->
  </suite> <!-- Default suite -->
</testng-results>
